生成启动时间为 2015/5/5 19:08:03。
     1>项目“E:\code\C&C++\C&C++\MonitorSYS\MonitorSYS\MonitorSYS.vcxproj”在节点 2 上(Build 个目标)。
     1>ClCompile:
         D:\install\VS2013\VC\bin\CL.exe /c /ZI /nologo /W3 /WX- /sdl- /Od /Oy- /D WIN32 /D _WINDOWS /D _DEBUG /D _CRT_SECURE_NO_WARNINGS /D _UNICODE /D UNICODE /Gm /EHsc /RTC1 /MTd /GS /fp:precise /Zc:wchar_t /Zc:forScope /Yu"stdafx.h" /Fp"Debug\MonitorSYS.pch" /Fo"Debug\\" /Fd"Debug\vc120.pdb" /Gd /TP /analyze- /errorReport:prompt AntimonyDlg.cpp GoldDlg.cpp
         GoldDlg.cpp
     1>e:\code\c&c++\c&c++\monitorsys\monitorsys\golddlg.cpp(50): warning C4129: “A”: 不可识别的字符转义序列
     1>e:\code\c&c++\c&c++\monitorsys\monitorsys\golddlg.cpp(55): warning C4244: “初始化”: 从“double”转换到“int”，可能丢失数据
     1>e:\code\c&c++\c&c++\monitorsys\monitorsys\golddlg.cpp(59): warning C4244: “初始化”: 从“double”转换到“int”，可能丢失数据
         AntimonyDlg.cpp
     1>e:\code\c&c++\c&c++\monitorsys\monitorsys\antimonydlg.cpp(24): warning C4244: “初始化”: 从“double”转换到“int”，可能丢失数据
     1>e:\code\c&c++\c&c++\monitorsys\monitorsys\antimonydlg.cpp(28): warning C4244: “初始化”: 从“double”转换到“int”，可能丢失数据
         正在生成代码...
       Link:
         D:\install\VS2013\VC\bin\link.exe /ERRORREPORT:PROMPT /OUT:"E:\code\C&C++\C&C++\MonitorSYS\Debug\MonitorSYS.exe" /INCREMENTAL /NOLOGO opencv_core2410d.lib opencv_calib3d2410d.lib opencv_contrib2410d.lib opencv_features2d2410d.lib opencv_flann2410d.lib opencv_gpu2410d.lib opencv_highgui2410d.lib opencv_imgproc2410d.lib opencv_legacy2410d.lib opencv_ml2410d.lib opencv_nonfree2410d.lib opencv_objdetect2410d.lib opencv_ocl2410d.lib opencv_photo2410d.lib opencv_stitching2410d.lib opencv_superres2410d.lib opencv_ts2410d.lib opencv_video2410d.lib opencv_videostab2410d.lib /MANIFEST /MANIFESTUAC:"level='asInvoker' uiAccess='false'" /manifest:embed /manifestinput:D:\install\VS2013\VC\Include\Manifest\dpiaware.manifest /DEBUG /PDB:"E:\code\C&C++\C&C++\MonitorSYS\Debug\MonitorSYS.pdb" /SUBSYSTEM:WINDOWS /TLBID:1 /ENTRY:"wWinMainCRTStartup" /DYNAMICBASE /NXCOMPAT /IMPLIB:"E:\code\C&C++\C&C++\MonitorSYS\Debug\MonitorSYS.lib" /MACHINE:X86 Debug\MonitorSYS.res
         Debug\AntimonyDlg.obj
         Debug\BCMenu.obj
         Debug\BtnST.obj
         Debug\ConditionDlg.obj
         Debug\CvvImage.obj
         Debug\DLEdit.obj
         Debug\GoldDlg.obj
         Debug\LoginDlg.obj
         Debug\MonitorSYS.obj
         Debug\MonitorSYSDlg.obj
         Debug\OptimizeCtrDlg.obj
         Debug\ProcessDiagram.obj
         Debug\stdafx.obj
         MonitorSYS.vcxproj -> E:\code\C&C++\C&C++\MonitorSYS\Debug\MonitorSYS.exe
     1>已完成生成项目“E:\code\C&C++\C&C++\MonitorSYS\MonitorSYS\MonitorSYS.vcxproj”(Build 个目标)的操作。

生成成功。

已用时间 00:00:27.62
