e:\code\c&c++\c&c++\monitorsys\debug\monitorsys.ilk
e:\code\c&c++\c&c++\monitorsys\debug\monitorsys.exe
e:\code\c&c++\c&c++\monitorsys\debug\monitorsys.pdb
e:\code\c&c++\c&c++\monitorsys\monitorsys\debug\monitorsys.pch
e:\code\c&c++\c&c++\monitorsys\monitorsys\debug\vc120.pdb
e:\code\c&c++\c&c++\monitorsys\monitorsys\debug\vc120.idb
e:\code\c&c++\c&c++\monitorsys\monitorsys\debug\stdafx.obj
e:\code\c&c++\c&c++\monitorsys\monitorsys\debug\cvvimage.obj
e:\code\c&c++\c&c++\monitorsys\monitorsys\debug\dledit.obj
e:\code\c&c++\c&c++\monitorsys\monitorsys\debug\logindlg.obj
e:\code\c&c++\c&c++\monitorsys\monitorsys\debug\btnst.obj
e:\code\c&c++\c&c++\monitorsys\monitorsys\debug\monitorsys.obj
e:\code\c&c++\c&c++\monitorsys\monitorsys\debug\monitorsysdlg.obj
e:\code\c&c++\c&c++\monitorsys\monitorsys\debug\bcmenu.obj
e:\code\c&c++\c&c++\monitorsys\monitorsys\debug\processdlg.obj
e:\code\c&c++\c&c++\monitorsys\monitorsys\debug\golddlg.obj
e:\code\c&c++\c&c++\monitorsys\monitorsys\debug\antimonydlg.obj
e:\code\c&c++\c&c++\monitorsys\monitorsys\debug\conditiondlg.obj
e:\code\c&c++\c&c++\monitorsys\monitorsys\debug\optimizectrdlg.obj
e:\code\c&c++\c&c++\monitorsys\monitorsys\debug\processdiagram.obj
e:\code\c&c++\c&c++\monitorsys\monitorsys\debug\monitorsys.res
e:\code\c&c++\c&c++\monitorsys\monitorsys\debug\monitorsys.ilk
e:\code\c&c++\c&c++\monitorsys\monitorsys\debug\monitorsys.pdb
e:\code\c&c++\c&c++\monitorsys\monitorsys\debug\monitorsys.tlog\cl.read.1.tlog
e:\code\c&c++\c&c++\monitorsys\monitorsys\debug\monitorsys.tlog\link.write.1.tlog
e:\code\c&c++\c&c++\monitorsys\monitorsys\debug\monitorsys.tlog\cl.write.1.tlog
e:\code\c&c++\c&c++\monitorsys\monitorsys\debug\monitorsys.tlog\cl.command.1.tlog
e:\code\c&c++\c&c++\monitorsys\monitorsys\debug\monitorsys.tlog\rc.read.1.tlog
e:\code\c&c++\c&c++\monitorsys\monitorsys\debug\monitorsys.tlog\rc.write.1.tlog
e:\code\c&c++\c&c++\monitorsys\monitorsys\debug\monitorsys.tlog\rc.command.1.tlog
e:\code\c&c++\c&c++\monitorsys\monitorsys\debug\monitorsys.tlog\link.read.1.tlog
e:\code\c&c++\c&c++\monitorsys\monitorsys\debug\monitorsys.tlog\link.command.1.tlog
