生成启动时间为 2015/5/5 19:26:53。
     1>项目“E:\code\C&C++\C&C++\MonitorSYS\MonitorSYS\MonitorSYS.vcxproj”在节点 2 上(Build 个目标)。
     1>ClCompile:
         D:\install\VS2013\VC\bin\CL.exe /c /Zi /nologo /W3 /WX- /sdl- /O2 /Oi /Oy- /GL /D WIN32 /D _WINDOWS /D NDEBUG /D _CRT_SECURE_NO_WARNINGS /D _UNICODE /D UNICODE /D _AFXDLL /Gm- /EHsc /MD /GS /Gy /fp:precise /Zc:wchar_t /Zc:forScope /Yu"stdafx.h" /Fp"Release\MonitorSYS.pch" /Fo"Release\\" /Fd"Release\vc120.pdb" /Gd /TP /analyze- /errorReport:prompt AntimonyDlg.cpp GoldDlg.cpp
         AntimonyDlg.cpp
     1>AntimonyDlg.cpp(30): warning C4244: “初始化”: 从“double”转换到“int”，可能丢失数据
     1>AntimonyDlg.cpp(34): warning C4244: “初始化”: 从“double”转换到“int”，可能丢失数据
         GoldDlg.cpp
     1>GoldDlg.cpp(60): warning C4244: “初始化”: 从“double”转换到“int”，可能丢失数据
     1>GoldDlg.cpp(64): warning C4244: “初始化”: 从“double”转换到“int”，可能丢失数据
       Link:
         D:\install\VS2013\VC\bin\link.exe /ERRORREPORT:PROMPT /OUT:"E:\code\C&C++\C&C++\MonitorSYS\Release\MonitorSYS.exe" /INCREMENTAL:NO /NOLOGO opencv_core2410.lib opencv_calib3d2410.lib opencv_contrib2410.lib opencv_features2d2410.lib opencv_flann2410.lib opencv_gpu2410.lib opencv_highgui2410.lib opencv_imgproc2410.lib opencv_legacy2410.lib opencv_ml2410.lib opencv_nonfree2410.lib opencv_objdetect2410.lib opencv_ocl2410.lib opencv_photo2410.lib opencv_stitching2410.lib opencv_superres2410.lib opencv_ts2410.lib opencv_video2410.lib opencv_videostab2410.lib /MANIFEST /MANIFESTUAC:"level='asInvoker' uiAccess='false'" /manifest:embed /manifestinput:D:\install\VS2013\VC\Include\Manifest\dpiaware.manifest /DEBUG /PDB:"E:\code\C&C++\C&C++\MonitorSYS\Release\MonitorSYS.pdb" /SUBSYSTEM:WINDOWS /OPT:REF /OPT:ICF /LTCG /TLBID:1 /ENTRY:"wWinMainCRTStartup" /DYNAMICBASE /NXCOMPAT /IMPLIB:"E:\code\C&C++\C&C++\MonitorSYS\Release\MonitorSYS.lib" /MACHINE:X86 /SAFESEH Release\MonitorSYS.res
         Release\AntimonyDlg.obj
         Release\BCMenu.obj
         Release\BtnST.obj
         Release\ConditionDlg.obj
         Release\CvvImage.obj
         Release\DLEdit.obj
         Release\GoldDlg.obj
         Release\LoginDlg.obj
         Release\MonitorSYS.obj
         Release\MonitorSYSDlg.obj
         Release\OptimizeCtrDlg.obj
         Release\ProcessDiagram.obj
         Release\stdafx.obj
         正在生成代码
         已完成代码的生成
         MonitorSYS.vcxproj -> E:\code\C&C++\C&C++\MonitorSYS\Release\MonitorSYS.exe
     1>已完成生成项目“E:\code\C&C++\C&C++\MonitorSYS\MonitorSYS\MonitorSYS.vcxproj”(Build 个目标)的操作。

生成成功。

已用时间 00:00:10.14
